2023-12-29 23:30:52 - Replaced '分开' with '分开 (fēn kāi)' in 2023_12_29.md, line 2
2023-12-29 23:30:52 - Replaced '基本上' with '基本上 (jī běn shàng)' in 2023_12_29.md, line 3
2023-12-29 23:30:52 - Replaced '房事' with '房事 (fáng shì)' in 2023_12_29.md, line 4
2023-12-29 23:30:52 - Replaced '早餐' with '早餐 (zǎo cān)' in 2023_12_26.md, line 17
2023-12-29 23:30:52 - Replaced '人家' with '人家 (rén jiā)' in 2023_12_26.md, line 18
2023-12-29 23:30:52 - Replaced '认真' with '认真 (rèn zhēn)' in 2023_12_26.md, line 27
2023-12-29 23:30:52 - Replaced '严重' with '严重 (yán zhòng)' in 2023_12_26.md, line 27
2023-12-29 23:30:52 - Replaced '睡眠不足' with '睡眠不足 (shuì mián bù zú)' in 2023_12_26.md, line 28
2023-12-29 23:30:52 - Replaced '换的' with '换的 (huán de)' in 2023_12_26.md, line 29
2023-12-29 23:30:52 - Replaced '软件' with '软件 (ruǎn jiàn)' in 2023_12_27.md, line 2
2023-12-29 23:30:52 - Replaced '使用' with '使用 (shǐ yòng)' in 2023_12_27.md, line 3
2023-12-29 23:30:52 - Replaced '办公室' with '办公室 (bàn gōng shì)' in 2023_12_27.md, line 6
2023-12-29 23:30:52 - Multiple matches for '见到' in file 2023_12_27.md:
1) Line 7: - 见到 vs 见面：
2) Line 9: - 见到 implies that the encounter happens by chance or was the first time
Enter the number to replace, 'a' for all, or 's' to skip:
User's choice: a
2023-12-29 23:31:14 - Replaced all instances of '见到' with '见到 (jiàn dào)' in 2023_12_27.md
2023-12-29 23:31:14 - Multiple matches for '见面' in file 2023_12_27.md:
1) Line 7: - 见到 (jiàn dào) vs 见面：
2) Line 8: - 见面 emphasises on the meeting aspect, not "seeing". E.g., 我们明天见面: we will meet tomorrow
Enter the number to replace, 'a' for all, or 's' to skip:
User's choice: a
2023-12-29 23:31:18 - Replaced all instances of '见面' with '见面 (jiàn miàn)' in 2023_12_27.md
2023-12-29 23:31:18 - Replaced '短的' with '短的 (duǎn de)' in 2023_12_27.md, line 11
2023-12-29 23:31:18 - Replaced '信息' with '信息 (xìn xī)' in 2023_12_27.md, line 14
2023-12-29 23:31:18 - Replaced '追求' with '追求 (zhuī qiú)' in 2023_12_27.md, line 15
2023-12-29 23:31:18 - Replaced '过度' with '过度 (guò dù)' in 2023_12_27.md, line 16
2023-12-29 23:31:18 - Replaced '呵护' with '呵护 (hē hù)' in 2023_12_27.md, line 17
2023-12-29 23:31:18 - Replaced '注意' with '注意 (zhù yì)' in 2023_12_27.md, line 18
2023-12-29 23:31:18 - Replaced '甚至' with '甚至 (shèn zhì)' in 2023_12_27.md, line 19
2023-12-29 23:31:18 - Replaced '自尊' with '自尊 (zì zūn)' in 2023_12_27.md, line 20
2023-12-29 23:31:18 - Replaced '遇到' with '遇到 (yù dào)' in 2023_12_27.md, line 21
2023-12-29 23:31:18 - Replaced '当初' with '当初 (dāng chū)' in 2023_12_27.md, line 22
2023-12-29 23:31:18 - Replaced '下载' with '下载 (xià zǎi)' in 2023_12_27.md, line 23
2023-12-29 23:31:18 - Replaced '应用' with '应用 (yìng yòng)' in 2023_12_27.md, line 24
2023-12-29 23:31:18 - Replaced '水平' with '水平 (shuǐ píng)' in 2023_12_27.md, line 25
2023-12-29 23:31:18 - Replaced '因此' with '因此 (yīn cǐ)' in 2023_12_27.md, line 26
2023-12-29 23:31:18 - Replaced '你可以说慢一点吗' with '你可以说慢一点吗 (nǐ kě yǐ shuō màn yī diǎn ma)' in 2023_12_27.md, line 27
2023-12-29 23:31:18 - Replaced '我的中文很糟糕' with '我的中文很糟糕 (wǒ de zhōng wén hěn zāo gāo)' in 2023_12_27.md, line 28
2023-12-29 23:31:18 - Replaced '方法' with '方法 (fāng fǎ)' in 2023_12_27.md, line 29
2023-12-29 23:31:18 - Replaced '仔细' with '仔细 (zǐ xì)' in 2023_12_27.md, line 30
2023-12-29 23:31:18 - Replaced '无条件的' with '无条件的 (wú tiáo jiàn de)' in 2023_12_27.md, line 31
2023-12-29 23:31:18 - Replaced '热情' with '热情 (rè qíng)' in 2023_12_27.md, line 32
2023-12-29 23:31:18 - Replaced '行为' with '行为 (xíng wéi)' in 2023_12_27.md, line 33
2023-12-29 23:31:18 - Replaced '例子' with '例子 (lì zi)' in 2023_12_27.md, line 34
2023-12-29 23:31:18 - Replaced '考虑' with '考虑 (kǎo lǜ)' in 2023_12_27.md, line 35
2023-12-29 23:31:18 - Replaced '放学的时候' with '放学的时候 (fàng xué de shí hòu)' in 2023_12_27.md, line 36
2023-12-29 23:31:18 - Replaced '默默' with '默默 (mò mò)' in 2023_12_27.md, line 37
2023-12-29 23:31:18 - Replaced '冷淡' with '冷淡 (lěng dàn)' in 2023_12_27.md, line 38
2023-12-29 23:31:18 - Replaced '不理' with '不理 (bù lǐ)' in 2023_12_27.md, line 39
2023-12-29 23:31:18 - Replaced '想起' with '想起 (xiǎng qǐ)' in 2023_12_27.md, line 40
2023-12-29 23:31:18 - Replaced '亲眼' with '亲眼 (qīn yǎn)' in 2023_12_27.md, line 41
2023-12-29 23:31:18 - Replaced '亲密' with '亲密 (qīn mì)' in 2023_12_27.md, line 42
2023-12-29 23:31:19 - Markdown files updated with Pinyin.

2023-12-30 00:02:58 - Multiple matches for '人家' in file 1.md:
1) Line 1: 人家：household，我是Brice : I'm Brice
2) Line 2: household, 人家
3) Line 3: household: 人家
4) Line 4: household：人家
5) Line 5: 人家 household
6) Line 6: - household: 人家
7) Line 7: household, family：人家
2023-12-30 00:03:51 - Multiple matches for '人家' in file 1.md:
1) Line 1: 人家：household，我是Brice : I'm Brice
2) Line 2: household, 人家
3) Line 3: household: 人家
4) Line 4: household：人家
5) Line 5: 人家 household
6) Line 6: - household: 人家
7) Line 7: household, family：人家
Enter the number to replace, 'a' for all, or 's' to skip:
User's choice: a
2023-12-30 00:03:54 - Replaced all instances of '人家' with '人家 (rén jiā)' in 1.md
2023-12-30 00:03:54 - Markdown files updated with Pinyin.

2023-12-30 11:06:56 - Replaced '结果' with '结果 (jiéguǒ)' in 2023_12_30.md, line 3
2023-12-30 11:06:56 - Replaced '街头' with '街头 (jiētóu)' in 2023_12_30.md, line 4
2023-12-30 11:06:56 - Markdown files updated with Pinyin.

